[debug] [2025-07-31T15:29:00.046Z] ----------------------------------------------------------------------
[debug] [2025-07-31T15:29:00.053Z] Command:       /opt/homebrew/Cellar/node/23.11.0/bin/node /opt/homebrew/bin/firebase login
[debug] [2025-07-31T15:29:00.053Z] CLI Version:   14.4.0
[debug] [2025-07-31T15:29:00.053Z] Platform:      darwin
[debug] [2025-07-31T15:29:00.053Z] Node Version:  v23.11.0
[debug] [2025-07-31T15:29:00.054Z] Time:          Thu Jul 31 2025 20:59:00 GMT+0530 (India Standard Time)
[debug] [2025-07-31T15:29:00.054Z] ----------------------------------------------------------------------
[debug] 
[debug] [2025-07-31T15:29:00.055Z] >>> [apiv2][query] GET https://firebase-public.firebaseio.com/cli.json [none]
[info] i  Firebase optionally collects CLI and Emulator Suite usage and error reporting information to help improve our products. Data is collected in accordance with Google's privacy policy (https://policies.google.com/privacy) and is not used to identify you.
 
[debug] [2025-07-31T15:29:00.811Z] <<< [apiv2][status] GET https://firebase-public.firebaseio.com/cli.json 200
[debug] [2025-07-31T15:29:00.811Z] <<< [apiv2][body] GET https://firebase-public.firebaseio.com/cli.json {"cloudBuildErrorAfter":1594252800000,"cloudBuildWarnAfter":1590019200000,"defaultNode10After":1594252800000,"minVersion":"3.0.5","node8DeploysDisabledAfter":1613390400000,"node8RuntimeDisabledAfter":1615809600000,"node8WarnAfter":1600128000000}
[warn] ⚠  Unable to fetch the CLI MOTD and remote config. This is not a fatal error, but may indicate an issue with your network connection. 
[debug] [2025-07-31T15:29:00.813Z] Failed to fetch MOTD Error: EACCES: permission denied, mkdir '/Users/sayeed/.config/configstore'
You don't have access to this file.

[debug] [2025-07-31T15:30:06.694Z] Error: EACCES: permission denied, mkdir '/Users/sayeed/.config/configstore'
You don't have access to this file.

    at Object.mkdirSync (node:fs:1361:26)
    at module.exports.sync (/opt/homebrew/lib/node_modules/firebase-tools/node_modules/make-dir/index.js:114:6)
    at set all (/opt/homebrew/lib/node_modules/firebase-tools/node_modules/configstore/index.js:59:12)
    at Configstore.set (/opt/homebrew/lib/node_modules/firebase-tools/node_modules/configstore/index.js:91:12)
    at Command.actionFn (/opt/homebrew/lib/node_modules/firebase-tools/lib/commands/login.js:32:35)
[error] 
[error] Error: An unexpected error has occurred.
[debug] [2025-07-31T15:30:07.000Z] Error: EACCES: permission denied, mkdir '/Users/sayeed/.config/configstore'
You don't have access to this file.

    at Object.mkdirSync (node:fs:1361:26)
    at module.exports.sync (/opt/homebrew/lib/node_modules/firebase-tools/node_modules/make-dir/index.js:114:6)
    at set all (/opt/homebrew/lib/node_modules/firebase-tools/node_modules/configstore/index.js:59:12)
    at Configstore.set (/opt/homebrew/lib/node_modules/firebase-tools/node_modules/configstore/index.js:91:12)
    at process.<anonymous> (/opt/homebrew/lib/node_modules/firebase-tools/lib/bin/cli.js:62:39)
    at process.emit (node:events:519:35)
    at process.exit (node:internal/process/per_thread:236:15)
    at Timeout._onTimeout (/opt/homebrew/lib/node_modules/firebase-tools/lib/errorOut.js:20:17)
    at listOnTimeout (node:internal/timers:608:17)
    at process.processTimers (node:internal/timers:543:7)
[error] 
[error] Error: An unexpected error has occurred.
